<?xml version="1.0" encoding="UTF-8"?>
<!-- Generated by org.testng.reporters.JUnitXMLReporter -->
<testsuite ignored="0" hostname="Aaditya-Laptop" failures="0" tests="2" name="ErrorValidationtest" time="9.322" errors="0" timestamp="2025-06-02T18:07:31 IST">
  <testcase classname="rahulshettyacademy.Tests.ErrorValidationsTest" name="loginErrorValidation" time="0.947"/>
  <testcase classname="rahulshettyacademy.Tests.ErrorValidationsTest" name="productErrorValiationr" time="3.66"/>
</testsuite> <!-- ErrorValidationtest -->
