<?xml version="1.0" encoding="UTF-8"?>
<!-- Generated by org.testng.reporters.JUnitXMLReporter -->
<testsuite ignored="0" hostname="Aaditya-Laptop" failures="0" tests="2" name="ErrorValidationsTest" time="23.011" errors="0" timestamp="2025-06-14T17:13:24 IST">
  <testcase classname="rahulshettyacademy.Tests.ErrorValidationsTest" name="loginErrorValidation" time="0.5"/>
  <testcase classname="rahulshettyacademy.Tests.ErrorValidationsTest" name="productErrorValiationr" time="13.773"/>
</testsuite> <!-- ErrorValidationsTest -->
