<?xml version="1.0" encoding="UTF-8"?>
<!-- Generated by org.testng.reporters.JUnitXMLReporter -->
<testsuite ignored="0" hostname="Aaditya-Laptop" failures="0" tests="3" name="SubmitOrderTest" time="59.409" errors="0" timestamp="2025-06-14T17:14:00 IST">
  <testcase classname="rahulshettyacademy.Tests.SubmitOrderTest" name="submitOrder" time="19.057"/>
  <testcase classname="rahulshettyacademy.Tests.SubmitOrderTest" name="submitOrder" time="18.773"/>
  <testcase classname="rahulshettyacademy.Tests.SubmitOrderTest" name="OrderHistoryPage" time="10.456"/>
</testsuite> <!-- SubmitOrderTest -->
