<?xml version="1.0" encoding="UTF-8"?>
<testng-results ignored="0" total="5" passed="5" failed="0" skipped="0">
  <reporter-output>
  </reporter-output>
  <suite started-at="2025-06-14T17:13:01 IST" name="Suite" finished-at="2025-06-14T17:14:00 IST" duration-ms="59409">
    <groups>
      <group name="unitTesting">
        <method signature="SubmitOrderTest.OrderHistoryPage()[pri:0, instance:rahulshettyacademy.Tests.SubmitOrderTest@76b07f29]" name="OrderHistoryPage" class="rahulshettyacademy.Tests.SubmitOrderTest"/>
      </group> <!-- unitTesting -->
      <group name="ErrorHandling">
        <method signature="ErrorValidationsTest.loginErrorValidation()[pri:0, instance:rahulshettyacademy.Tests.ErrorValidationsTest@39d76cb5]" name="loginErrorValidation" class="rahulshettyacademy.Tests.ErrorValidationsTest"/>
      </group> <!-- ErrorHandling -->
    </groups>
    <test started-at="2025-06-14T17:13:01 IST" name="ErrorValidationsTest" finished-at="2025-06-14T17:13:24 IST" duration-ms="23011">
      <class name="rahulshettyacademy.Tests.ErrorValidationsTest">
        <test-method is-config="true" signature="launchApplication()[pri:0, instance:rahulshettyacademy.Tests.ErrorValidationsTest@39d76cb5]" started-at="2025-06-14T17:13:01 IST" name="launchApplication" finished-at="2025-06-14T17:13:06 IST" duration-ms="4845" status="PASS">
          <reporter-output>
          </reporter-output>
        </test-method> <!-- launchApplication -->
        <test-method signature="loginErrorValidation()[pri:0, instance:rahulshettyacademy.Tests.ErrorValidationsTest@39d76cb5]" started-at="2025-06-14T17:13:06 IST" name="loginErrorValidation" finished-at="2025-06-14T17:13:06 IST" duration-ms="500" status="PASS">
          <reporter-output>
          </reporter-output>
        </test-method> <!-- loginErrorValidation -->
        <test-method is-config="true" signature="tearDown()[pri:0, instance:rahulshettyacademy.Tests.ErrorValidationsTest@39d76cb5]" started-at="2025-06-14T17:13:06 IST" name="tearDown" finished-at="2025-06-14T17:13:06 IST" duration-ms="157" status="PASS">
          <reporter-output>
          </reporter-output>
        </test-method> <!-- tearDown -->
        <test-method is-config="true" signature="launchApplication()[pri:0, instance:rahulshettyacademy.Tests.ErrorValidationsTest@39d76cb5]" started-at="2025-06-14T17:13:06 IST" name="launchApplication" finished-at="2025-06-14T17:13:10 IST" duration-ms="3395" status="PASS">
          <reporter-output>
          </reporter-output>
        </test-method> <!-- launchApplication -->
        <test-method signature="productErrorValiationr()[pri:0, instance:rahulshettyacademy.Tests.ErrorValidationsTest@39d76cb5]" started-at="2025-06-14T17:13:10 IST" name="productErrorValiationr" finished-at="2025-06-14T17:13:23 IST" duration-ms="13773" status="PASS">
          <reporter-output>
          </reporter-output>
        </test-method> <!-- productErrorValiationr -->
        <test-method is-config="true" signature="tearDown()[pri:0, instance:rahulshettyacademy.Tests.ErrorValidationsTest@39d76cb5]" started-at="2025-06-14T17:13:23 IST" name="tearDown" finished-at="2025-06-14T17:13:24 IST" duration-ms="287" status="PASS">
          <reporter-output>
          </reporter-output>
        </test-method> <!-- tearDown -->
      </class> <!-- rahulshettyacademy.Tests.ErrorValidationsTest -->
    </test> <!-- ErrorValidationsTest -->
    <test started-at="2025-06-14T17:13:01 IST" name="SubmitOrderTest" finished-at="2025-06-14T17:14:00 IST" duration-ms="59409">
      <class name="rahulshettyacademy.Tests.SubmitOrderTest">
        <test-method is-config="true" signature="launchApplication()[pri:0, instance:rahulshettyacademy.Tests.SubmitOrderTest@76b07f29]" started-at="2025-06-14T17:13:01 IST" name="launchApplication" finished-at="2025-06-14T17:13:04 IST" duration-ms="3551" status="PASS">
          <reporter-output>
          </reporter-output>
        </test-method> <!-- launchApplication -->
        <test-method signature="submitOrder(java.util.HashMap)[pri:0, instance:rahulshettyacademy.Tests.SubmitOrderTest@76b07f29]" started-at="2025-06-14T17:13:04 IST" name="submitOrder" data-provider="getData" finished-at="2025-06-14T17:13:24 IST" duration-ms="19057" status="PASS">
          <params>
            <param index="0">
              <value>
                <![CDATA[{password=King@000, email=aadityasinha@gmail.com, productName=ADIDAS ORIGINAL}]]>
              </value>
            </param>
          </params>
          <reporter-output>
          </reporter-output>
        </test-method> <!-- submitOrder -->
        <test-method is-config="true" signature="tearDown()[pri:0, instance:rahulshettyacademy.Tests.SubmitOrderTest@76b07f29]" started-at="2025-06-14T17:13:24 IST" name="tearDown" finished-at="2025-06-14T17:13:24 IST" duration-ms="279" status="PASS">
          <reporter-output>
          </reporter-output>
        </test-method> <!-- tearDown -->
        <test-method is-config="true" signature="launchApplication()[pri:0, instance:rahulshettyacademy.Tests.SubmitOrderTest@76b07f29]" started-at="2025-06-14T17:13:24 IST" name="launchApplication" finished-at="2025-06-14T17:13:27 IST" duration-ms="3385" status="PASS">
          <reporter-output>
          </reporter-output>
        </test-method> <!-- launchApplication -->
        <test-method signature="submitOrder(java.util.HashMap)[pri:0, instance:rahulshettyacademy.Tests.SubmitOrderTest@76b07f29]" started-at="2025-06-14T17:13:27 IST" name="submitOrder" data-provider="getData" finished-at="2025-06-14T17:13:46 IST" duration-ms="18773" status="PASS">
          <params>
            <param index="0">
              <value>
                <![CDATA[{password=Aa@12345678, email=princeaditya2001@gmail.com, productName=ZARA COAT 3}]]>
              </value>
            </param>
          </params>
          <reporter-output>
          </reporter-output>
        </test-method> <!-- submitOrder -->
        <test-method is-config="true" signature="tearDown()[pri:0, instance:rahulshettyacademy.Tests.SubmitOrderTest@76b07f29]" started-at="2025-06-14T17:13:46 IST" name="tearDown" finished-at="2025-06-14T17:13:46 IST" duration-ms="227" status="PASS">
          <reporter-output>
          </reporter-output>
        </test-method> <!-- tearDown -->
        <test-method is-config="true" signature="launchApplication()[pri:0, instance:rahulshettyacademy.Tests.SubmitOrderTest@76b07f29]" started-at="2025-06-14T17:13:46 IST" name="launchApplication" finished-at="2025-06-14T17:13:50 IST" duration-ms="3300" status="PASS">
          <reporter-output>
          </reporter-output>
        </test-method> <!-- launchApplication -->
        <test-method signature="OrderHistoryPage()[pri:0, instance:rahulshettyacademy.Tests.SubmitOrderTest@76b07f29]" started-at="2025-06-14T17:13:50 IST" name="OrderHistoryPage" finished-at="2025-06-14T17:14:00 IST" depends-on-methods="rahulshettyacademy.Tests.SubmitOrderTest.submitOrder" duration-ms="10456" status="PASS">
          <reporter-output>
          </reporter-output>
        </test-method> <!-- OrderHistoryPage -->
        <test-method is-config="true" signature="tearDown()[pri:0, instance:rahulshettyacademy.Tests.SubmitOrderTest@76b07f29]" started-at="2025-06-14T17:14:00 IST" name="tearDown" finished-at="2025-06-14T17:14:00 IST" duration-ms="178" status="PASS">
          <reporter-output>
          </reporter-output>
        </test-method> <!-- tearDown -->
      </class> <!-- rahulshettyacademy.Tests.SubmitOrderTest -->
    </test> <!-- SubmitOrderTest -->
  </suite> <!-- Suite -->
</testng-results>
